2018-02-26 13:08:26,585 [INFO] from application in play-dev-mode-akka.actor.default-dispatcher-9 - Creating Pool for datasource 'default'
2018-02-26 13:08:26,904 [INFO] from play.api.db.DefaultDBApi in play-dev-mode-akka.actor.default-dispatcher-9 - Database [default] connected at jdbc:h2:file:./data/productsDB
2018-02-26 13:08:28,115 [WARN] from org.hibernate.validator.messageinterpolation.ParameterMessageInterpolator in play-dev-mode-akka.actor.default-dispatcher-9 - HV000184: ParameterMessageInterpolator has been chosen, EL interpolation will not be supported
2018-02-26 13:08:28,329 [INFO] from play.api.http.EnabledFilters in play-dev-mode-akka.actor.default-dispatcher-9 - Enabled Filters (see <https://www.playframework.com/documentation/latest/Filters>):

    play.filters.csrf.CSRFFilter
    play.filters.headers.SecurityHeadersFilter
    play.filters.hosts.AllowedHostsFilter

2018-02-26 13:08:28,346 [INFO] from play.api.Play in play-dev-mode-akka.actor.default-dispatcher-9 - Application started (Dev)
2018-02-26 13:18:46,422 [INFO] from application in application-akka.actor.default-dispatcher-18 - Shutting down connection pool.
2018-02-26 13:18:46,648 [INFO] from application in play-dev-mode-akka.actor.default-dispatcher-41 - Creating Pool for datasource 'default'
2018-02-26 13:18:46,697 [INFO] from play.api.db.DefaultDBApi in play-dev-mode-akka.actor.default-dispatcher-41 - Database [default] connected at jdbc:h2:file:./data/productsDB
2018-02-26 13:18:46,851 [WARN] from org.hibernate.validator.messageinterpolation.ParameterMessageInterpolator in play-dev-mode-akka.actor.default-dispatcher-41 - HV000184: ParameterMessageInterpolator has been chosen, EL interpolation will not be supported
2018-02-26 13:18:46,945 [INFO] from play.api.http.EnabledFilters in play-dev-mode-akka.actor.default-dispatcher-41 - Enabled Filters (see <https://www.playframework.com/documentation/latest/Filters>):

    play.filters.csrf.CSRFFilter
    play.filters.headers.SecurityHeadersFilter
    play.filters.hosts.AllowedHostsFilter

2018-02-26 13:18:46,945 [INFO] from play.api.Play in play-dev-mode-akka.actor.default-dispatcher-41 - Application started (Dev)
2018-02-26 13:19:21,196 [INFO] from application in application-akka.actor.default-dispatcher-12 - Shutting down connection pool.
2018-02-26 13:19:21,388 [INFO] from application in play-dev-mode-akka.actor.default-dispatcher-40 - Creating Pool for datasource 'default'
2018-02-26 13:19:21,430 [INFO] from play.api.db.DefaultDBApi in play-dev-mode-akka.actor.default-dispatcher-40 - Database [default] connected at jdbc:h2:file:./data/productsDB
2018-02-26 13:19:21,570 [WARN] from org.hibernate.validator.messageinterpolation.ParameterMessageInterpolator in play-dev-mode-akka.actor.default-dispatcher-40 - HV000184: ParameterMessageInterpolator has been chosen, EL interpolation will not be supported
2018-02-26 13:19:21,615 [INFO] from play.api.http.EnabledFilters in play-dev-mode-akka.actor.default-dispatcher-40 - Enabled Filters (see <https://www.playframework.com/documentation/latest/Filters>):

    play.filters.csrf.CSRFFilter
    play.filters.headers.SecurityHeadersFilter
    play.filters.hosts.AllowedHostsFilter

2018-02-26 13:19:21,624 [INFO] from play.api.Play in play-dev-mode-akka.actor.default-dispatcher-40 - Application started (Dev)
2018-02-26 13:24:56,954 [WARN] from application in application-akka.actor.default-dispatcher-23 - The "validate" method in class "models.users.Login" is deprecated since Play 2.6. To migrate to class-level constraints see https://www.playframework.com/documentation/2.6.x/Migration26#java-form-changes and https://www.playframework.com/documentation/2.6.x/JavaForms#Advanced-validation
2018-02-26 13:39:48,862 [INFO] from application in application-akka.actor.default-dispatcher-33 - Shutting down connection pool.
2018-02-26 13:39:49,048 [INFO] from application in play-dev-mode-akka.actor.default-dispatcher-82 - Creating Pool for datasource 'default'
2018-02-26 13:39:49,091 [INFO] from play.api.db.DefaultDBApi in play-dev-mode-akka.actor.default-dispatcher-82 - Database [default] connected at jdbc:h2:file:./data/productsDB
2018-02-26 13:39:49,251 [WARN] from org.hibernate.validator.messageinterpolation.ParameterMessageInterpolator in play-dev-mode-akka.actor.default-dispatcher-82 - HV000184: ParameterMessageInterpolator has been chosen, EL interpolation will not be supported
2018-02-26 13:39:49,332 [INFO] from play.api.http.EnabledFilters in play-dev-mode-akka.actor.default-dispatcher-82 - Enabled Filters (see <https://www.playframework.com/documentation/latest/Filters>):

    play.filters.csrf.CSRFFilter
    play.filters.headers.SecurityHeadersFilter
    play.filters.hosts.AllowedHostsFilter

2018-02-26 13:39:49,335 [INFO] from play.api.Play in play-dev-mode-akka.actor.default-dispatcher-82 - Application started (Dev)
2018-02-26 13:42:10,127 [INFO] from application in application-akka.actor.default-dispatcher-14 - Shutting down connection pool.
2018-02-26 13:42:10,312 [INFO] from application in play-dev-mode-akka.actor.default-dispatcher-85 - Creating Pool for datasource 'default'
2018-02-26 13:42:10,340 [INFO] from play.api.db.DefaultDBApi in play-dev-mode-akka.actor.default-dispatcher-85 - Database [default] connected at jdbc:h2:file:./data/productsDB
2018-02-26 13:42:10,465 [WARN] from org.hibernate.validator.messageinterpolation.ParameterMessageInterpolator in play-dev-mode-akka.actor.default-dispatcher-85 - HV000184: ParameterMessageInterpolator has been chosen, EL interpolation will not be supported
2018-02-26 13:42:10,532 [INFO] from play.api.http.EnabledFilters in play-dev-mode-akka.actor.default-dispatcher-85 - Enabled Filters (see <https://www.playframework.com/documentation/latest/Filters>):

    play.filters.csrf.CSRFFilter
    play.filters.headers.SecurityHeadersFilter
    play.filters.hosts.AllowedHostsFilter

2018-02-26 13:42:10,535 [INFO] from play.api.Play in play-dev-mode-akka.actor.default-dispatcher-85 - Application started (Dev)
2018-02-26 13:44:12,286 [INFO] from application in application-akka.actor.default-dispatcher-20 - Shutting down connection pool.
2018-02-26 13:44:12,490 [INFO] from application in play-dev-mode-akka.actor.default-dispatcher-93 - Creating Pool for datasource 'default'
2018-02-26 13:44:12,543 [INFO] from play.api.db.DefaultDBApi in play-dev-mode-akka.actor.default-dispatcher-93 - Database [default] connected at jdbc:h2:file:./data/productsDB
2018-02-26 13:44:12,666 [WARN] from org.hibernate.validator.messageinterpolation.ParameterMessageInterpolator in play-dev-mode-akka.actor.default-dispatcher-93 - HV000184: ParameterMessageInterpolator has been chosen, EL interpolation will not be supported
2018-02-26 13:44:12,747 [INFO] from play.api.http.EnabledFilters in play-dev-mode-akka.actor.default-dispatcher-93 - Enabled Filters (see <https://www.playframework.com/documentation/latest/Filters>):

    play.filters.csrf.CSRFFilter
    play.filters.headers.SecurityHeadersFilter
    play.filters.hosts.AllowedHostsFilter

2018-02-26 13:44:12,755 [INFO] from play.api.Play in play-dev-mode-akka.actor.default-dispatcher-93 - Application started (Dev)
